  [1m[35m (374.9ms)[0m  [1m[35mCREATE DATABASE "dummy" ENCODING = 'unicode' /*application='App'*/[0m
[dotenv] Set [36mDATABASE_URL[0m, [36mDATABASE_NAME[0m, and [36mREDIS_URL[0m
[dotenv] Loaded [33m.env[0m
[dotenv] Loaded [33m.env[0m
  [1m[35m (105.3ms)[0m  [1m[35mCREATE DATABASE "DATABASE_TEST" ENCODING = 'unicode' /*application='App'*/[0m
[dotenv] Set [36mDATABASE_URL[0m, [36mAPP_DATABASE_PASSWORD[0m, [36mDATABASE_NAME[0m, and [36mREDIS_URL[0m
[dotenv] Loaded [33m.env[0m
[dotenv] Loaded [33m.env[0m
  [1m[35mSQL (0.2ms)[0m  [1m[35mSET search_path TO public /*application='App'*/[0m
  [1m[35m (88.0ms)[0m  [1m[35mCREATE DATABASE "DATABASE_TEST" ENCODING = 'unicode' /*application='App'*/[0m
[dotenv] Set [36mDATABASE_URL[0m, [36mAPP_DATABASE_PASSWORD[0m, [36mDATABASE_NAME[0m, and [36mREDIS_URL[0m
[dotenv] Loaded [33m.env[0m
  [1m[35mSQL (0.2ms)[0m  [1m[35mSET search_path TO public /*application='App'*/[0m
  [1m[35m (21.3ms)[0m  [1m[35mCREATE DATABASE "DATABASE_TEST" ENCODING = 'unicode' /*application='App'*/[0m
[dotenv] Set [36mDATABASE_URL[0m, [36mAPP_DATABASE_PASSWORD[0m, [36mDATABASE_NAME[0m, and [36mREDIS_URL[0m
[dotenv] Loaded [33m.env[0m
[dotenv] Set [36mDATABASE_URL[0m, [36mAPP_DATABASE_PASSWORD[0m, [36mDATABASE_NAME[0m, and [36mREDIS_URL[0m
[dotenv] Loaded [33m.env[0m
Started GET "/" for 127.0.0.1 at 2025-04-06 19:01:40 -0300
  [1m[35m (21.3ms)[0m  [1m[35mCREATE TABLE "schema_migrations" ("version" character varying NOT NULL PRIMARY KEY) /*application='App'*/[0m
  [1m[35m (26.5ms)[0m  [1m[35mCREATE TABLE "ar_internal_metadata" ("key" character varying NOT NULL PRIMARY KEY, "value" character varying, "created_at" timestamp(6) NOT NULL, "updated_at" timestamp(6) NOT NULL) /*application='App'*/[0m
  [1m[36mActiveRecord::SchemaMigration Load (0.6ms)[0m  [1m[34mSELECT "schema_migrations"."version" FROM "schema_migrations" ORDER BY "schema_migrations"."version" ASC /*application='App'*/[0m
Processing by HealthController#index as */*
Completed 200 OK in 49ms (Views: 0.3ms | ActiveRecord: 0.0ms (0 queries, 0 cached) | GC: 14.4ms)


Started GET "/" for 127.0.0.1 at 2025-04-06 19:01:51 -0300
Processing by HealthController#index as */*
Completed 200 OK in 8ms (Views: 1.1ms | ActiveRecord: 0.0ms (0 queries, 0 cached) | GC: 2.2ms)


[dotenv] Set [36mDATABASE_URL[0m, [36mAPP_DATABASE_PASSWORD[0m, [36mDATABASE_NAME[0m, and [36mREDIS_URL[0m
[dotenv] Loaded [33m.env[0m
[dotenv] Set [36mDATABASE_URL[0m, [36mAPP_DATABASE_PASSWORD[0m, [36mDATABASE_NAME[0m, and [36mREDIS_URL[0m
[dotenv] Loaded [33m.env[0m
[dotenv] Set [36mDATABASE_URL[0m, [36mAPP_DATABASE_PASSWORD[0m, [36mDATABASE_NAME[0m, and [36mREDIS_URL[0m
[dotenv] Loaded [33m.env[0m
[dotenv] Set [36mDATABASE_URL[0m, [36mAPP_DATABASE_PASSWORD[0m, [36mDATABASE_NAME[0m, and [36mREDIS_URL[0m
[dotenv] Loaded [33m.env[0m
[dotenv] Set [36mDATABASE_URL[0m, [36mAPP_DATABASE_PASSWORD[0m, [36mDATABASE_NAME[0m, and [36mREDIS_URL[0m
[dotenv] Loaded [33m.env[0m
[dotenv] Set [36mDATABASE_URL[0m, [36mAPP_DATABASE_PASSWORD[0m, [36mDATABASE_NAME[0m, and [36mREDIS_URL[0m
[dotenv] Loaded [33m.env[0m
[dotenv] Set [36mDATABASE_URL[0m, [36mAPP_DATABASE_PASSWORD[0m, [36mDATABASE_NAME[0m, and [36mREDIS_URL[0m
[dotenv] Loaded [33m.env[0m
[dotenv] Set [36mDATABASE_URL[0m, [36mAPP_DATABASE_PASSWORD[0m, [36mDATABASE_NAME[0m, and [36mREDIS_URL[0m
[dotenv] Loaded [33m.env[0m
